<?xml version="1.0" encoding="UTF-8"?>
<!-- Generated by org.testng.reporters.JUnitReportReporter -->
<testsuite skipped="0" hostname="DESKTOP-N8OU8L6" name="com.qa.tests.GetAPITest" tests="2" failures="0" timestamp="01 May 2020 19:07:58 GMT" time="3.639" errors="0">
  <testcase name="getApiTest" time="2.371" classname="com.qa.tests.GetAPITest"/>
  <testcase name="getAPITestWithHeaders" time="1.268" classname="com.qa.tests.GetAPITest"/>
</testsuite> <!-- com.qa.tests.GetAPITest -->
